zxing/build/outputs/logs/manifest-merger-debug-report.txt
-- Merging decision tree log ---
manifest
ADDED from src\main\AndroidManifest.xml:17:1-35:12
INJECTED from src\main\AndroidManifest.xml:17:1-35:12
INJECTED from src\main\AndroidManifest.xml:17:1-35:12
INJECTED from src\main\AndroidManifest.xml:17:1-35:12
INJECTED from src\main\AndroidManifest.xml:17:1-35:12
INJECTED from src\main\AndroidManifest.xml:17:1-35:12
INJECTED from src\main\AndroidManifest.xml:17:1-35:12
	package
		ADDED from src\main\AndroidManifest.xml:18:11-52
		INJECTED from src\main\AndroidManifest.xml
		INJECTED from src\main\AndroidManifest.xml
	android:versionName
		ADDED from src\main\AndroidManifest.xml:19:11-38
		INJECTED from src\main\AndroidManifest.xml
		INJECTED from src\main\AndroidManifest.xml
	xmlns:android
		ADDED from src\main\AndroidManifest.xml:17:11-69
	android:versionCode
		ADDED from src\main\AndroidManifest.xml:20:11-36
		INJECTED from src\main\AndroidManifest.xml
		INJECTED from src\main\AndroidManifest.xml
	android:installLocation
		ADDED from src\main\AndroidManifest.xml:21:11-41
uses-permission#android.permission.CAMERA
ADDED from src\main\AndroidManifest.xml:23:3-62
	android:name
		ADDED from src\main\AndroidManifest.xml:23:20-60
uses-permission#android.permission.INTERNET
ADDED from src\main\AndroidManifest.xml:24:3-64
	android:name
		ADDED from src\main\AndroidManifest.xml:24:20-62
uses-permission#android.permission.VIBRATE
ADDED from src\main\AndroidManifest.xml:25:3-63
	android:name
		ADDED from src\main\AndroidManifest.xml:25:20-61
uses-sdk
ADDED from src\main\AndroidManifest.xml:27:3-71
	android:targetSdkVersion
		ADDED from src\main\AndroidManifest.xml:27:40-69
	android:minSdkVersion
		ADDED from src\main\AndroidManifest.xml:27:13-39
application
ADDED from src\main\AndroidManifest.xml:28:3-34:17
	android:allowBackup
		ADDED from src\main\AndroidManifest.xml:29:7-33
activity#com.google.zxing.client.android.CaptureActivity
ADDED from src\main\AndroidManifest.xml:31:5-33:11
	android:screenOrientation
		ADDED from src\main\AndroidManifest.xml:32:9-45
	android:name
		ADDED from src\main\AndroidManifest.xml:31:15-77